<?xml version="1.0" encoding="UTF-8"?>
<testng-results ignored="0" total="3" passed="3" failed="0" skipped="0">
  <reporter-output>
  </reporter-output>
  <suite started-at="2023-12-06T18:14:55 IST" name="Default suite" finished-at="2023-12-06T18:17:54 IST" duration-ms="178640">
    <groups>
    </groups>
    <test started-at="2023-12-06T18:14:55 IST" name="Default test" finished-at="2023-12-06T18:17:54 IST" duration-ms="178640">
      <class name="tests.AutomationFlow">
        <test-method signature="tc1()[pri:0, instance:tests.AutomationFlow@5149d738]" started-at="2023-12-06T18:14:55 IST" name="tc1" finished-at="2023-12-06T18:15:23 IST" duration-ms="27503" status="PASS">
          <reporter-output>
          </reporter-output>
        </test-method> <!-- tc1 -->
        <test-method signature="tc2()[pri:0, instance:tests.AutomationFlow@5149d738]" started-at="2023-12-06T18:15:23 IST" name="tc2" finished-at="2023-12-06T18:17:41 IST" depends-on-methods="tests.AutomationFlow.tc1" duration-ms="138192" status="PASS">
          <reporter-output>
          </reporter-output>
        </test-method> <!-- tc2 -->
        <test-method signature="tc4()[pri:0, instance:tests.AutomationFlow@5149d738]" started-at="2023-12-06T18:17:41 IST" name="tc4" finished-at="2023-12-06T18:17:54 IST" depends-on-methods="tests.AutomationFlow.tc2" duration-ms="12908" status="PASS">
          <reporter-output>
          </reporter-output>
        </test-method> <!-- tc4 -->
      </class> <!-- tests.AutomationFlow -->
    </test> <!-- Default test -->
  </suite> <!-- Default suite -->
</testng-results>
